<?xml version="1.0" encoding="UTF-8"?>
<!-- Generated by org.testng.reporters.JUnitReportReporter -->
<testsuite hostname="DESKTOP-ESLEKEN" failures="0" tests="1" name="com.qa.Test.Login_Test" time="0.010" errors="0" timestamp="2022-08-09T18:25:09 IST" skipped="0">
  <testcase classname="com.qa.Test.Login_Test" name="Test1" time="0.010"/>
  <system-out/>
</testsuite> <!-- com.qa.Test.Login_Test -->
